<?xml version="1.0" encoding="UTF-8"?><testsuite failures="0" name="cucumber.runtime.formatter.JUnitFormatter" skipped="0" tests="1" time="37.91899">
<testcase classname="Free CRM Dealsmap Feature" name="Free CRM Dealsmap Test Scenario" time="37.91899">
<system-out><![CDATA[Given user is already on Login Page.........................................passed
When title of login page is Free CRM........................................passed
Then user enters username and password......................................passed
Then user clicks on login button............................................passed
Then user is on home page...................................................passed
Then user mouse over on deals link..........................................passed
Then user clicks on New deal link...........................................passed
Then user enters new deal details...........................................passed
]]></system-out>
</testcase>
</testsuite>
